<submission date="2016-11-02T20:23:17.538+01:00" registry="xpointer-schemes">
  <value>element</value>
  <submitter>dret</submitter>
  <descriptio>let's see...</descriptio>
</submission>